[debug] [2022-01-28T01:58:23.371Z] ----------------------------------------------------------------------
[debug] [2022-01-28T01:58:23.373Z] Command:       C:\Program Files\nodejs\node.exe C:\Users\joshu\AppData\Roaming\npm\node_modules\firebase-tools\lib\bin\firebase.js init functions
[debug] [2022-01-28T01:58:23.373Z] CLI Version:   10.1.2
[debug] [2022-01-28T01:58:23.373Z] Platform:      win32
[debug] [2022-01-28T01:58:23.374Z] Node Version:  v17.3.0
[debug] [2022-01-28T01:58:23.374Z] Time:          Thu Jan 27 2022 20:58:23 GMT-0500 (Eastern Standard Time)
[debug] [2022-01-28T01:58:23.374Z] ----------------------------------------------------------------------
[debug] 
[debug] [2022-01-28T01:58:23.376Z] >>> [apiv2][query] GET https://firebase-public.firebaseio.com/cli.json [none]
[debug] [2022-01-28T01:58:23.495Z] > command requires scopes: ["email","openid","https://www.googleapis.com/auth/cloudplatformprojects.readonly","https://www.googleapis.com/auth/firebase","https://www.googleapis.com/auth/cloud-platform"]
[debug] [2022-01-28T01:58:23.495Z] > authorizing via signed-in user (joshuareisbord@gmail.com)
[info] 
     ######## #### ########  ######## ########     ###     ######  ########
     ##        ##  ##     ## ##       ##     ##  ##   ##  ##       ##
     ######    ##  ########  ######   ########  #########  ######  ######
     ##        ##  ##    ##  ##       ##     ## ##     ##       ## ##
     ##       #### ##     ## ######## ########  ##     ##  ######  ########

You're about to initialize a Firebase project in this directory:

  C:\Users\joshu\Desktop\Personal-Website

Before we get started, keep in mind:

  * You are initializing within an existing Firebase project directory

[debug] [2022-01-28T01:58:23.616Z] <<< [apiv2][status] GET https://firebase-public.firebaseio.com/cli.json 200
[debug] [2022-01-28T01:58:23.616Z] <<< [apiv2][body] GET https://firebase-public.firebaseio.com/cli.json {"cloudBuildErrorAfter":1594252800000,"cloudBuildWarnAfter":1590019200000,"defaultNode10After":1594252800000,"minVersion":"3.0.5","node8DeploysDisabledAfter":1613390400000,"node8RuntimeDisabledAfter":1615809600000,"node8WarnAfter":1600128000000}
